{
  "RSpec": {
    "coverage": {
      "/home/amura/Shubham/TestLo/TestLo_New/TestLo/config/environment.rb": [
        null,
        1,
        null,
        null,
        1
      ],
      "/home/amura/Shubham/TestLo/TestLo_New/TestLo/config/application.rb": [
        1,
        null,
        1,
        null,
        null,
        null,
        1,
        null,
        1,
        1,
        null,
        null,
        null,
        null,
        null,
        null,
        null,
        null,
        null,
        null,
        null,
        null,
        null,
        1,
        null,
        1,
        1,
        null,
        null,
        null
      ],
      "/home/amura/Shubham/TestLo/TestLo_New/TestLo/config/boot.rb": [
        1,
        null,
        1
      ],
      "/home/amura/Shubham/TestLo/TestLo_New/TestLo/config/environments/test.rb": [
        1,
        null,
        null,
        null,
        null,
        null,
        null,
        1,
        null,
        null,
        null,
        null,
        1,
        null,
        null,
        1,
        1,
        null,
        null,
        1,
        1,
        null,
        null,
        1,
        null,
        null,
        1,
        null,
        null,
        null,
        null,
        1,
        null,
        null,
        1,
        null,
        null,
        1,
        null,
        null,
        null,
        null
      ],
      "/home/amura/Shubham/TestLo/TestLo_New/TestLo/config/initializers/assets.rb": [
        null,
        null,
        null,
        1,
        null,
        null,
        null,
        null,
        null,
        null,
        null
      ],
      "/home/amura/Shubham/TestLo/TestLo_New/TestLo/config/initializers/backtrace_silencers.rb": [
        null,
        null,
        null,
        null,
        null,
        null,
        null
      ],
      "/home/amura/Shubham/TestLo/TestLo_New/TestLo/config/initializers/cookies_serializer.rb": [
        null,
        null,
        1
      ],
      "/home/amura/Shubham/TestLo/TestLo_New/TestLo/config/initializers/devise.rb": [
        null,
        null,
        1,
        null,
        null,
        null,
        null,
        null,
        null,
        null,
        null,
        null,
        null,
        null,
        null,
        null,
        null,
        1,
        null,
        null,
        null,
        null,
        null,
        null,
        null,
        null,
        null,
        null,
        null,
        1,
        null,
        null,
        null,
        null,
        null,
        null,
        null,
        null,
        null,
        null,
        null,
        null,
        null,
        null,
        null,
        null,
        null,
        null,
        null,
        null,
        null,
        1,
        null,
        null,
        null,
        null,
        1,
        null,
        null,
        null,
        null,
        null,
        null,
        null,
        null,
        null,
        null,
        null,
        null,
        null,
        null,
        null,
        null,
        null,
        null,
        null,
        null,
        null,
        null,
        null,
        null,
        null,
        null,
        null,
        null,
        null,
        null,
        1,
        null,
        null,
        null,
        null,
        null,
        null,
        null,
        null,
        null,
        null,
        null,
        null,
        null,
        null,
        null,
        null,
        null,
        null,
        null,
        null,
        null,
        null,
        1,
        null,
        null,
        null,
        null,
        null,
        null,
        null,
        null,
        null,
        null,
        null,
        null,
        null,
        null,
        null,
        null,
        null,
        null,
        null,
        null,
        null,
        null,
        null,
        null,
        null,
        null,
        null,
        null,
        null,
        1,
        null,
        null,
        null,
        null,
        null,
        null,
        null,
        null,
        null,
        1,
        null,
        null,
        null,
        null,
        null,
        null,
        null,
        null,
        null,
        null,
        1,
        null,
        null,
        null,
        null,
        1,
        null,
        null,
        null,
        null,
        null,
        null,
        null,
        null,
        null,
        null,
        null,
        null,
        null,
        null,
        null,
        null,
        null,
        null,
        null,
        null,
        null,
        null,
        null,
        null,
        null,
        null,
        null,
        null,
        null,
        null,
        null,
        null,
        null,
        null,
        null,
        null,
        null,
        null,
        null,
        null,
        1,
        null,
        null,
        null,
        null,
        null,
        null,
        null,
        null,
        null,
        null,
        null,
        null,
        null,
        null,
        null,
        null,
        null,
        null,
        null,
        null,
        null,
        null,
        null,
        null,
        null,
        null,
        null,
        null,
        null,
        null,
        null,
        null,
        null,
        null,
        null,
        null,
        null,
        null,
        null,
        null,
        null,
        1,
        null,
        null,
        null,
        null,
        null,
        null,
        null,
        null,
        null,
        null,
        null,
        null,
        null,
        null,
        null,
        null,
        null,
        null,
        null,
        null,
        null,
        null,
        null,
        null,
        null,
        null,
        null,
        null,
        null
      ],
      "/home/amura/Shubham/TestLo/TestLo_New/TestLo/config/initializers/filter_parameter_logging.rb": [
        null,
        null,
        null,
        1
      ],
      "/home/amura/Shubham/TestLo/TestLo_New/TestLo/config/initializers/inflections.rb": [
        null,
        null,
        null,
        null,
        null,
        null,
        null,
        null,
        null,
        null,
        null,
        null,
        null,
        null,
        null,
        null
      ],
      "/home/amura/Shubham/TestLo/TestLo_New/TestLo/config/initializers/kaminari_config.rb": [
        1,
        1,
        null,
        null,
        null,
        null,
        null,
        null,
        null,
        null
      ],
      "/home/amura/Shubham/TestLo/TestLo_New/TestLo/config/initializers/mime_types.rb": [
        null,
        null,
        null,
        null
      ],
      "/home/amura/Shubham/TestLo/TestLo_New/TestLo/config/initializers/session_store.rb": [
        null,
        null,
        1
      ],
      "/home/amura/Shubham/TestLo/TestLo_New/TestLo/config/initializers/wrap_parameters.rb": [
        null,
        null,
        null,
        null,
        null,
        null,
        1,
        1,
        null,
        null,
        null,
        null,
        null,
        null
      ],
      "/home/amura/Shubham/TestLo/TestLo_New/TestLo/spec/factories/employer.rb": [
        1,
        null,
        1,
        1,
        null,
        8,
        8,
        8,
        8,
        8,
        null,
        null,
        null,
        null,
        null
      ],
      "/home/amura/Shubham/TestLo/TestLo_New/TestLo/spec/factories/employer_detail.rb": [
        1,
        null,
        1,
        null,
        1,
        null,
        9,
        9,
        7,
        null,
        null
      ],
      "/home/amura/Shubham/TestLo/TestLo_New/TestLo/spec/factories/enrollment.rb": [
        1,
        null,
        1,
        null,
        1,
        null,
        4,
        4,
        1,
        null,
        null
      ],
      "/home/amura/Shubham/TestLo/TestLo_New/TestLo/spec/factories/question.rb": [
        1,
        null,
        1,
        null,
        1,
        null,
        1,
        10,
        10,
        10,
        3,
        9,
        null,
        null,
        null,
        null,
        null,
        null,
        null,
        null,
        null,
        null,
        null,
        null
      ],
      "/home/amura/Shubham/TestLo/TestLo_New/TestLo/spec/factories/student.rb": [
        1,
        null,
        1,
        1,
        null,
        3,
        3,
        3,
        3,
        3,
        null,
        null
      ],
      "/home/amura/Shubham/TestLo/TestLo_New/TestLo/spec/factories/student_detail.rb": [
        1,
        null,
        1,
        null,
        1,
        12,
        11,
        12,
        13,
        13,
        null,
        null
      ],
      "/home/amura/Shubham/TestLo/TestLo_New/TestLo/spec/factories/test.rb": [
        1,
        null,
        1,
        1,
        null,
        9,
        7,
        7,
        null,
        null,
        null,
        null
      ],
      "/home/amura/Shubham/TestLo/TestLo_New/TestLo/spec/factories/test_question.rb": [
        1,
        null,
        1,
        null,
        1,
        null,
        5,
        5,
        5,
        null,
        null,
        null
      ],
      "/home/amura/Shubham/TestLo/TestLo_New/TestLo/spec/factories/user.rb": [
        1,
        null,
        1,
        1,
        null,
        14,
        12,
        13,
        13,
        17,
        null,
        null,
        null,
        null,
        null
      ],
      "/home/amura/Shubham/TestLo/TestLo_New/TestLo/config/routes.rb": [
        1,
        null,
        null,
        1,
        null,
        1,
        1,
        null,
        null,
        null,
        1,
        null,
        null,
        1,
        1,
        null,
        1,
        null,
        1,
        1,
        1,
        1,
        1,
        null,
        1,
        null,
        null,
        1,
        null,
        null,
        1,
        null,
        1,
        1,
        1,
        null,
        null,
        null,
        null,
        1,
        null,
        null,
        1,
        1,
        null,
        1,
        null,
        null,
        null,
        1,
        null,
        1,
        1,
        1,
        1,
        1,
        null,
        null,
        1,
        1,
        1,
        1,
        1,
        null,
        null,
        null,
        null,
        null,
        null,
        null,
        null,
        null,
        null,
        null,
        null,
        null,
        null,
        null,
        null,
        null,
        null,
        null,
        null,
        null,
        null,
        null,
        null,
        null,
        null,
        null,
        null,
        null,
        null,
        null,
        null,
        null,
        null,
        null,
        null,
        null,
        null,
        null,
        null,
        null,
        null,
        null,
        null,
        null,
        null,
        null,
        null,
        null,
        null,
        null,
        null,
        null,
        null,
        null,
        null,
        null,
        null,
        null,
        null,
        null,
        null,
        null,
        null,
        null,
        null,
        null,
        null,
        null,
        null,
        null,
        null
      ],
      "/home/amura/Shubham/TestLo/TestLo_New/TestLo/app/models/user.rb": [
        1,
        null,
        null,
        1,
        null,
        null,
        null,
        1,
        null,
        null,
        null,
        1,
        null,
        null,
        null,
        null,
        1,
        null,
        null,
        null,
        null,
        null,
        null
      ],
      "/home/amura/Shubham/TestLo/TestLo_New/TestLo/app/helpers/application_helper.rb": [
        1,
        1,
        null,
        null
      ],
      "/home/amura/Shubham/TestLo/TestLo_New/TestLo/app/helpers/details_helper.rb": [
        1,
        null
      ],
      "/home/amura/Shubham/TestLo/TestLo_New/TestLo/app/helpers/enrollments_helper.rb": [
        1,
        null,
        null,
        1,
        0,
        0,
        null,
        null,
        1,
        0,
        0,
        null,
        null,
        1,
        0,
        0,
        null,
        null,
        null,
        1,
        0,
        null,
        null,
        1,
        0,
        0,
        null,
        null,
        1,
        0,
        0,
        null,
        null,
        null
      ],
      "/home/amura/Shubham/TestLo/TestLo_New/TestLo/app/helpers/profiles_helper.rb": [
        1,
        1,
        0,
        0,
        null,
        null
      ],
      "/home/amura/Shubham/TestLo/TestLo_New/TestLo/app/helpers/questions_helper.rb": [
        1,
        null,
        null,
        null,
        null
      ],
      "/home/amura/Shubham/TestLo/TestLo_New/TestLo/app/helpers/static_pages_helper.rb": [
        1,
        null
      ],
      "/home/amura/Shubham/TestLo/TestLo_New/TestLo/spec/support/factory_girl.rb": [
        null,
        null,
        1,
        1,
        null,
        null,
        null,
        null,
        null,
        null,
        null,
        null,
        null,
        null
      ],
      "/home/amura/Shubham/TestLo/TestLo_New/TestLo/app/controllers/application_controller.rb": [
        1,
        null,
        null,
        1,
        null,
        1,
        0,
        null,
        null,
        1,
        0,
        null,
        null,
        null,
        1,
        null,
        null,
        null,
        1,
        0,
        null,
        null,
        null
      ],
      "/home/amura/Shubham/TestLo/TestLo_New/TestLo/spec/controllers/details_controller_spec.rb": [
        1,
        null,
        1,
        null,
        null
      ],
      "/home/amura/Shubham/TestLo/TestLo_New/TestLo/app/controllers/details_controller.rb": [
        1,
        1,
        0,
        0,
        0,
        null,
        0,
        null,
        null,
        null,
        1,
        0,
        0,
        0,
        null,
        null,
        null,
        1,
        0,
        null,
        null,
        1,
        0,
        0,
        0,
        0,
        null,
        0,
        null,
        null,
        null,
        1,
        0,
        0,
        0,
        0,
        null,
        0,
        null,
        null,
        null,
        1,
        0,
        0,
        0,
        null,
        null,
        null,
        null,
        1,
        0,
        null,
        null,
        1,
        0,
        0,
        0,
        0,
        0,
        0,
        null,
        0,
        null,
        null,
        null,
        1,
        0,
        0,
        0,
        0,
        null,
        0,
        null,
        null,
        null,
        null,
        1,
        0,
        null,
        null,
        1,
        1,
        0,
        null,
        null,
        1,
        0,
        null,
        null
      ],
      "/home/amura/Shubham/TestLo/TestLo_New/TestLo/spec/controllers/employers_controller_spec.rb": [
        null,
        null,
        null,
        null,
        null
      ],
      "/home/amura/Shubham/TestLo/TestLo_New/TestLo/spec/controllers/profiles_controller_spec.rb": [
        1,
        null,
        1,
        1,
        1,
        2,
        2,
        2,
        2,
        2,
        null,
        1,
        1,
        1,
        1,
        null,
        1,
        1,
        1,
        null,
        null,
        null,
        null,
        1,
        1,
        2,
        2,
        2,
        2,
        2,
        null,
        1,
        1,
        1,
        1,
        null,
        null,
        1,
        1,
        1,
        null,
        null,
        null,
        null
      ],
      "/home/amura/Shubham/TestLo/TestLo_New/TestLo/app/controllers/profiles_controller.rb": [
        1,
        1,
        null,
        null,
        1,
        2,
        2,
        1,
        null,
        1,
        null,
        null,
        null,
        1,
        null,
        1,
        null,
        null,
        1,
        null,
        1,
        1,
        null,
        null,
        null
      ],
      "/home/amura/Shubham/TestLo/TestLo_New/TestLo/spec/controllers/questions_controller_spec.rb": [
        1,
        null,
        1,
        null,
        null
      ],
      "/home/amura/Shubham/TestLo/TestLo_New/TestLo/app/controllers/questions_controller.rb": [
        1,
        1,
        null,
        1,
        0,
        0,
        null,
        null,
        null,
        1,
        0,
        null,
        null,
        1,
        null,
        0,
        0,
        0,
        0,
        0,
        null,
        0,
        0,
        0,
        0,
        0,
        null,
        null,
        null,
        1,
        0,
        0,
        0,
        0,
        null,
        null,
        null,
        1,
        0,
        null,
        null,
        1,
        1,
        null,
        0,
        null,
        null,
        1,
        0,
        0,
        0,
        null,
        null,
        null
      ],
      "/home/amura/Shubham/TestLo/TestLo_New/TestLo/spec/controllers/tests_controller_spec.rb": [
        1,
        null,
        1,
        1,
        5,
        5,
        5,
        5,
        5,
        5,
        null,
        null,
        1,
        1,
        1,
        2,
        null,
        null,
        null,
        1,
        1,
        1,
        1,
        null,
        null,
        1,
        1,
        1,
        null,
        null,
        1,
        1,
        1,
        1,
        1,
        0,
        null,
        null,
        null,
        1,
        1,
        1,
        1,
        1,
        2,
        null,
        null,
        null,
        null,
        null,
        null
      ],
      "/home/amura/Shubham/TestLo/TestLo_New/TestLo/app/controllers/tests_controller.rb": [
        1,
        1,
        1,
        1,
        1,
        1,
        1,
        null,
        1,
        1,
        null,
        null,
        1,
        null,
        1,
        null,
        null,
        1,
        3,
        3,
        0,
        0,
        null,
        3,
        null,
        null,
        null,
        1,
        null,
        null,
        null,
        0,
        0,
        0,
        null,
        null,
        null,
        1,
        null,
        null,
        0,
        0,
        null,
        0,
        0,
        null,
        0,
        null,
        null,
        0,
        null,
        null,
        1,
        null,
        null,
        0,
        0,
        0,
        null,
        0,
        0,
        null,
        null,
        null,
        1,
        null,
        null,
        null,
        0,
        null,
        0,
        null,
        0,
        0,
        null,
        null,
        null,
        1,
        null,
        null,
        null,
        0,
        null,
        0,
        0,
        0,
        null,
        null,
        null,
        1,
        null,
        null,
        0,
        null,
        null,
        1,
        null,
        0,
        null,
        null,
        1,
        null,
        1,
        3,
        null,
        null,
        1,
        null,
        0,
        0,
        null,
        0,
        null,
        null,
        null,
        null,
        1,
        5,
        0,
        0,
        null,
        null,
        null,
        1,
        4,
        0,
        0,
        null,
        null,
        null,
        1,
        0,
        null,
        null,
        1,
        0,
        null,
        null,
        1,
        0,
        0,
        0,
        null,
        null,
        null,
        1,
        0,
        0,
        0,
        null,
        null,
        null,
        1,
        null,
        0,
        null,
        null,
        0,
        null,
        null
      ],
      "/home/amura/Shubham/TestLo/TestLo_New/TestLo/spec/models/category_spec.rb": [
        1,
        null,
        1,
        null,
        1,
        1,
        1,
        null,
        null,
        null
      ],
      "/home/amura/Shubham/TestLo/TestLo_New/TestLo/app/models/category.rb": [
        1,
        1,
        null,
        null,
        null,
        null
      ],
      "/home/amura/Shubham/TestLo/TestLo_New/TestLo/spec/models/employer_detail_spec.rb": [
        1,
        null,
        1,
        null,
        1,
        null,
        1,
        1,
        null,
        null,
        1,
        1,
        null,
        null,
        1,
        1,
        null,
        null,
        null,
        null,
        null,
        1,
        null,
        1,
        1,
        null,
        null,
        1,
        1,
        null,
        null,
        1,
        1,
        null,
        null,
        null,
        1,
        null,
        1,
        1,
        null,
        null,
        1,
        1,
        null,
        null,
        1,
        1,
        null,
        null,
        1,
        1,
        null,
        null,
        1,
        1,
        null,
        null,
        null,
        1,
        1,
        1,
        1,
        null,
        null,
        null,
        null,
        null
      ],
      "/home/amura/Shubham/TestLo/TestLo_New/TestLo/app/models/employer_detail.rb": [
        1,
        1,
        null,
        null,
        null,
        null,
        null,
        null,
        null,
        1,
        null,
        null,
        null,
        1,
        null,
        null,
        null,
        1,
        null,
        null,
        null,
        null
      ],
      "/home/amura/Shubham/TestLo/TestLo_New/TestLo/spec/models/employer_spec.rb": [
        1,
        null,
        1,
        null,
        1,
        1,
        1,
        null,
        null,
        null
      ],
      "/home/amura/Shubham/TestLo/TestLo_New/TestLo/app/models/employer.rb": [
        1,
        null,
        1,
        null,
        null,
        1,
        null,
        1,
        null
      ],
      "/home/amura/Shubham/TestLo/TestLo_New/TestLo/spec/models/enrollment_spec.rb": [
        1,
        null,
        1,
        null,
        1,
        1,
        1,
        null,
        null,
        1,
        1,
        null,
        null,
        1,
        1,
        null,
        null,
        null,
        1,
        null,
        1,
        1,
        1,
        null,
        null,
        1,
        1,
        1,
        null,
        null,
        null,
        null,
        null,
        null
      ],
      "/home/amura/Shubham/TestLo/TestLo_New/TestLo/app/models/enrollment.rb": [
        1,
        1,
        1,
        null,
        1,
        null,
        1,
        null,
        null,
        1,
        null,
        null,
        1,
        null,
        null,
        1,
        null,
        null,
        null,
        1,
        0,
        0,
        0,
        null,
        null,
        null,
        1,
        0,
        null,
        null,
        1,
        0,
        0,
        0,
        null,
        null,
        null,
        1,
        0,
        null,
        null,
        1,
        0,
        0,
        0,
        null,
        null,
        1,
        0,
        null,
        null,
        1,
        0,
        null,
        0,
        null,
        0,
        null,
        0,
        0,
        0,
        null,
        null,
        0,
        null,
        null,
        0,
        null,
        null,
        null,
        1,
        0,
        0,
        null,
        null,
        1,
        null,
        0,
        null,
        null,
        1,
        0,
        null,
        null,
        1,
        null,
        0,
        null,
        null,
        null,
        null
      ],
      "/home/amura/Shubham/TestLo/TestLo_New/TestLo/spec/models/question_spec.rb": [
        1,
        null,
        1,
        1,
        1,
        1,
        null,
        1,
        1,
        null,
        null,
        null,
        1,
        1,
        1,
        null,
        1,
        1,
        1,
        1,
        null,
        1,
        1,
        1,
        1,
        null,
        null,
        null,
        1,
        1,
        1,
        1,
        null,
        null,
        1,
        1,
        1,
        null,
        null,
        1,
        1,
        1,
        null,
        null,
        1,
        1,
        1,
        null,
        null,
        null,
        null
      ],
      "/home/amura/Shubham/TestLo/TestLo_New/TestLo/app/models/question.rb": [
        1,
        1,
        null,
        null,
        1,
        2,
        null,
        null,
        null,
        1,
        1,
        null,
        null,
        1,
        null,
        1,
        null,
        1,
        null,
        null,
        1,
        null,
        null,
        null,
        null,
        1,
        null,
        null,
        1,
        null,
        1,
        9,
        null,
        4,
        2,
        null,
        null,
        6,
        0,
        null,
        null,
        6,
        0,
        null,
        null,
        null,
        null,
        1,
        9,
        null,
        2,
        1,
        null,
        null,
        3,
        2,
        null,
        null,
        3,
        2,
        null,
        null,
        null,
        null,
        1,
        6,
        6,
        24,
        null,
        6,
        null,
        null,
        null,
        null,
        null,
        null,
        1,
        0,
        null,
        null,
        1,
        0,
        null,
        null
      ],
      "/home/amura/Shubham/TestLo/TestLo_New/TestLo/spec/models/student_detail_spec.rb": [
        1,
        null,
        1,
        1,
        null,
        1,
        1,
        null,
        null,
        1,
        1,
        null,
        null,
        1,
        1,
        null,
        null,
        null,
        null,
        1,
        null,
        1,
        1,
        null,
        null,
        1,
        1,
        null,
        null,
        null,
        null,
        1,
        null,
        1,
        1,
        null,
        null,
        1,
        1,
        null,
        null,
        1,
        1,
        null,
        null,
        1,
        1,
        null,
        null,
        null,
        null,
        null,
        1,
        1,
        1,
        null,
        null,
        1,
        1,
        null,
        null,
        null,
        1,
        1,
        1,
        null,
        null,
        1,
        1,
        null,
        null,
        1,
        1,
        null,
        null,
        null,
        1,
        1,
        1,
        1,
        null,
        null,
        null
      ],
      "/home/amura/Shubham/TestLo/TestLo_New/TestLo/app/models/student_detail.rb": [
        1,
        1,
        null,
        null,
        null,
        null,
        1,
        null,
        null,
        null,
        1,
        null,
        null,
        null,
        null,
        null,
        1,
        null,
        null,
        null,
        1,
        null,
        null,
        null,
        null,
        1,
        null,
        null,
        null
      ],
      "/home/amura/Shubham/TestLo/TestLo_New/TestLo/spec/models/student_spec.rb": [
        1,
        null,
        1,
        null,
        1,
        1,
        1,
        null,
        null,
        null
      ],
      "/home/amura/Shubham/TestLo/TestLo_New/TestLo/app/models/student.rb": [
        1,
        null,
        1,
        null,
        null,
        1,
        1,
        null
      ],
      "/home/amura/Shubham/TestLo/TestLo_New/TestLo/spec/models/test_question_spec.rb": [
        1,
        null,
        null,
        null,
        1,
        null,
        1,
        null,
        1,
        1,
        null,
        null,
        1,
        1,
        null,
        null,
        1,
        1,
        null,
        null,
        1,
        1,
        null,
        null,
        1,
        1,
        null,
        null,
        1,
        1,
        null,
        null,
        null,
        1,
        1,
        1,
        1,
        null,
        null,
        1,
        1,
        1,
        null,
        null,
        null
      ],
      "/home/amura/Shubham/TestLo/TestLo_New/TestLo/app/models/test_question.rb": [
        1,
        1,
        1,
        null,
        1,
        1,
        null,
        null,
        1,
        null,
        null,
        1,
        null,
        null,
        1,
        null,
        null,
        null,
        1,
        null,
        0,
        null,
        null,
        null,
        1,
        0,
        null,
        null,
        1,
        0,
        0,
        null,
        null,
        1,
        0,
        null,
        null,
        null,
        1,
        null,
        1,
        0,
        0,
        0,
        0,
        0,
        null,
        null,
        1,
        0,
        0,
        0,
        0,
        null,
        null
      ],
      "/home/amura/Shubham/TestLo/TestLo_New/TestLo/spec/models/test_spec.rb": [
        1,
        null,
        null,
        1,
        null,
        1,
        null,
        1,
        1,
        null,
        null,
        1,
        1,
        null,
        null,
        1,
        1,
        null,
        null,
        1,
        1,
        null,
        null,
        1,
        1,
        null,
        null,
        1,
        1,
        null,
        null,
        1,
        1,
        null,
        null,
        1,
        1,
        null,
        null,
        null,
        null,
        null,
        1,
        null,
        1,
        1,
        1,
        null,
        null,
        1,
        1,
        1,
        null,
        null,
        1,
        1,
        1,
        null,
        null,
        1,
        1,
        1,
        null,
        null,
        1,
        1,
        1,
        null,
        null,
        null
      ],
      "/home/amura/Shubham/TestLo/TestLo_New/TestLo/app/models/test.rb": [
        1,
        null,
        1,
        1,
        null,
        null,
        1,
        null,
        null,
        1,
        1,
        null,
        null,
        null,
        1,
        null,
        null,
        null,
        null,
        1,
        null,
        null,
        1,
        null,
        null,
        1,
        null,
        1,
        null,
        null,
        1,
        null,
        null,
        1,
        1,
        null,
        null,
        1,
        11,
        1,
        null,
        null,
        null,
        1,
        11,
        4,
        null,
        null,
        null,
        null,
        1,
        0,
        null,
        null,
        1,
        0,
        null,
        null,
        1,
        0,
        0,
        null,
        null,
        1,
        0,
        0,
        null,
        null,
        null,
        1,
        1,
        null,
        0,
        null,
        0,
        null,
        0,
        null,
        1,
        null,
        null,
        null,
        1,
        1,
        null,
        0,
        null,
        null,
        0,
        null,
        0,
        null,
        0,
        0,
        null,
        1,
        null,
        null,
        null,
        1,
        0,
        null,
        null
      ],
      "/home/amura/Shubham/TestLo/TestLo_New/TestLo/spec/models/user_spec.rb": [
        1,
        null,
        1,
        1,
        null,
        1,
        1,
        null,
        null,
        1,
        1,
        null,
        null,
        1,
        1,
        null,
        null,
        1,
        1,
        null,
        null,
        1,
        1,
        null,
        null,
        null,
        1,
        1,
        1,
        null,
        null,
        1,
        1,
        null,
        null,
        1,
        1,
        null,
        null,
        1,
        1,
        null,
        null,
        null,
        1,
        null,
        1,
        1,
        null,
        null,
        1,
        1,
        null,
        null,
        1,
        1,
        null,
        null,
        null,
        1,
        1,
        null,
        null,
        null,
        1,
        1,
        1,
        null,
        null,
        1,
        1,
        null,
        null,
        1,
        1,
        null,
        null,
        null
      ]
    },
    "timestamp": 1476251205
  }
}
